<?xml version="1.0" encoding="UTF-8"?>
<!-- Generated by org.testng.reporters.JUnitReportReporter -->
<testsuite hostname="Prakashs-Laptop.local" failures="0" tests="3" name="org.testRunner.TestRunner" time="53.659" errors="0" timestamp="2025-08-03T19:37:02 IST" skipped="0">
  <testcase classname="org.testRunner.TestRunner" name="runScenario" time="17.569"/>
  <testcase classname="org.testRunner.TestRunner" name="runScenario" time="18.645"/>
  <testcase classname="org.testRunner.TestRunner" name="runScenario" time="17.445"/>
</testsuite> <!-- org.testRunner.TestRunner -->
