<?xml version="1.0" encoding="UTF-8"?>
<!-- Generated by org.testng.reporters.JUnitReportReporter -->
<testsuite hostname="Prakashs-Laptop.local" failures="0" tests="4" name="org.testRunner.TestRunner" time="93.340" errors="0" timestamp="2025-08-01T07:09:49 IST" skipped="0">
  <testcase classname="org.testRunner.TestRunner" name="runScenario" time="17.308"/>
  <testcase classname="org.testRunner.TestRunner" name="runScenario" time="22.629"/>
  <testcase classname="org.testRunner.TestRunner" name="runScenario" time="27.525"/>
  <testcase classname="org.testRunner.TestRunner" name="runScenario" time="25.878"/>
</testsuite> <!-- org.testRunner.TestRunner -->
