<?xml version="1.0" encoding="UTF-8"?>
<!-- Generated by org.testng.reporters.JUnitReportReporter -->
<testsuite hostname="Prakashs-Laptop.local" failures="0" tests="2" name="org.testRunner.TestRunner" time="24.164" errors="2" timestamp="2025-07-31T07:22:34 IST" skipped="0">
  <testcase classname="org.testRunner.TestRunner" name="runScenario" time="11.657">
    <error message="For documentation on this error, please visit: https://www.selenium.dev/documentation/webdriver/troubleshooting/errors#no-such-element-exception
Build info: version: &#039;4.33.0&#039;, revision: &#039;2c6aaad03a&#039;
System info: os.name: &#039;Mac OS X&#039;, os.arch: &#039;aarch64&#039;, os.version: &#039;26.0&#039;, java.version: &#039;22.0.2&#039;
Driver info: org.openqa.selenium.safari.SafariDriver
Command: [BF1B2750-F4B9-46B8-848A-E350AFF985C4, findElement {using=xpath, value=//a[contains(text(),&#039;Open New Account&#039;)]}]
Capabilities {acceptInsecureCerts: false, browserName: Safari, browserVersion: 26.0, platformName: mac, safari:automaticInspection: false, safari:automaticProfiling: false, safari:diagnose: false, safari:experimentalWebSocketUrl: false, safari:platformBuildVersion: 25A5316i, safari:platformVersion: 26.0, safari:useSimulator: false, setWindowRect: true, strictFileInteractability: false, webkit:WebRTC: {DisableICECandidateFiltering: false, DisableInsecureMediaCapture: false}, webkit:alwaysAllowAutoplay: false}
Session ID: BF1B2750-F4B9-46B8-848A-E350AFF985C4" type="org.openqa.selenium.NoSuchElementException">
      <![CDATA[org.openqa.selenium.NoSuchElementException: For documentation on this error, please visit: https://www.selenium.dev/documentation/webdriver/troubleshooting/errors#no-such-element-exception
Build info: version: '4.33.0', revision: '2c6aaad03a'
System info: os.name: 'Mac OS X', os.arch: 'aarch64', os.version: '26.0', java.version: '22.0.2'
Driver info: org.openqa.selenium.safari.SafariDriver
Command: [BF1B2750-F4B9-46B8-848A-E350AFF985C4, findElement {using=xpath, value=//a[contains(text(),'Open New Account')]}]
Capabilities {acceptInsecureCerts: false, browserName: Safari, browserVersion: 26.0, platformName: mac, safari:automaticInspection: false, safari:automaticProfiling: false, safari:diagnose: false, safari:experimentalWebSocketUrl: false, safari:platformBuildVersion: 25A5316i, safari:platformVersion: 26.0, safari:useSimulator: false, setWindowRect: true, strictFileInteractability: false, webkit:WebRTC: {DisableICECandidateFiltering: false, DisableInsecureMediaCapture: false}, webkit:alwaysAllowAutoplay: false}
Session ID: BF1B2750-F4B9-46B8-848A-E350AFF985C4
at java.base/jdk.internal.reflect.DirectConstructorHandleAccessor.newInstance(DirectConstructorHandleAccessor.java:62)
at java.base/java.lang.reflect.Constructor.newInstanceWithCaller(Constructor.java:502)
at java.base/java.lang.reflect.Constructor.newInstance(Constructor.java:486)
at org.openqa.selenium.remote.ErrorCodec.decode(ErrorCodec.java:167)
at org.openqa.selenium.remote.codec.w3c.W3CHttpResponseCodec.decode(W3CHttpResponseCodec.java:138)
at org.openqa.selenium.remote.codec.w3c.W3CHttpResponseCodec.decode(W3CHttpResponseCodec.java:50)
at org.openqa.selenium.remote.HttpCommandExecutor.execute(HttpCommandExecutor.java:215)
at org.openqa.selenium.remote.service.DriverCommandExecutor.invokeExecute(DriverCommandExecutor.java:216)
at org.openqa.selenium.remote.service.DriverCommandExecutor.execute(DriverCommandExecutor.java:174)
at org.openqa.selenium.remote.RemoteWebDriver.execute(RemoteWebDriver.java:544)
at org.openqa.selenium.remote.ElementLocation$ElementFinder$2.findElement(ElementLocation.java:165)
at org.openqa.selenium.remote.ElementLocation.findElement(ElementLocation.java:59)
at org.openqa.selenium.remote.RemoteWebDriver.findElement(RemoteWebDriver.java:367)
at org.openqa.selenium.remote.RemoteWebDriver.findElement(RemoteWebDriver.java:361)
at org.openqa.selenium.support.pagefactory.DefaultElementLocator.findElement(DefaultElementLocator.java:68)
at org.openqa.selenium.support.pagefactory.internal.LocatingElementHandler.invoke(LocatingElementHandler.java:38)
at jdk.proxy2/jdk.proxy2.$Proxy24.click(Unknown Source)
at org.base.BaseClass.click(BaseClass.java:60)
at org.stepdefinitions.OpenAccountSteps.the_user_opens_a_new_account_successfully(OpenAccountSteps.java:86)
at ✽.The user opens a new account successfully(file:///Users/prakashrajendran/git/repository-parabank_script/ParaBank/src/test/resources/FeatureFiles/openAccountPage.feature:20)
]]>
    </error>
  </testcase> <!-- runScenario -->
  <testcase classname="org.testRunner.TestRunner" name="runScenario" time="12.507">
    <error message="For documentation on this error, please visit: https://www.selenium.dev/documentation/webdriver/troubleshooting/errors#no-such-element-exception
Build info: version: &#039;4.33.0&#039;, revision: &#039;2c6aaad03a&#039;
System info: os.name: &#039;Mac OS X&#039;, os.arch: &#039;aarch64&#039;, os.version: &#039;26.0&#039;, java.version: &#039;22.0.2&#039;
Driver info: org.openqa.selenium.safari.SafariDriver
Command: [719A545B-A26E-44A6-8046-51562690D4BD, findElement {using=xpath, value=//a[contains(text(),&#039;Accounts Overview&#039;)]}]
Capabilities {acceptInsecureCerts: false, browserName: Safari, browserVersion: 26.0, platformName: mac, safari:automaticInspection: false, safari:automaticProfiling: false, safari:diagnose: false, safari:experimentalWebSocketUrl: false, safari:platformBuildVersion: 25A5316i, safari:platformVersion: 26.0, safari:useSimulator: false, setWindowRect: true, strictFileInteractability: false, webkit:WebRTC: {DisableICECandidateFiltering: false, DisableInsecureMediaCapture: false}, webkit:alwaysAllowAutoplay: false}
Session ID: 719A545B-A26E-44A6-8046-51562690D4BD" type="org.openqa.selenium.NoSuchElementException">
      <![CDATA[org.openqa.selenium.NoSuchElementException: For documentation on this error, please visit: https://www.selenium.dev/documentation/webdriver/troubleshooting/errors#no-such-element-exception
Build info: version: '4.33.0', revision: '2c6aaad03a'
System info: os.name: 'Mac OS X', os.arch: 'aarch64', os.version: '26.0', java.version: '22.0.2'
Driver info: org.openqa.selenium.safari.SafariDriver
Command: [719A545B-A26E-44A6-8046-51562690D4BD, findElement {using=xpath, value=//a[contains(text(),'Accounts Overview')]}]
Capabilities {acceptInsecureCerts: false, browserName: Safari, browserVersion: 26.0, platformName: mac, safari:automaticInspection: false, safari:automaticProfiling: false, safari:diagnose: false, safari:experimentalWebSocketUrl: false, safari:platformBuildVersion: 25A5316i, safari:platformVersion: 26.0, safari:useSimulator: false, setWindowRect: true, strictFileInteractability: false, webkit:WebRTC: {DisableICECandidateFiltering: false, DisableInsecureMediaCapture: false}, webkit:alwaysAllowAutoplay: false}
Session ID: 719A545B-A26E-44A6-8046-51562690D4BD
at java.base/jdk.internal.reflect.DirectConstructorHandleAccessor.newInstance(DirectConstructorHandleAccessor.java:62)
at java.base/java.lang.reflect.Constructor.newInstanceWithCaller(Constructor.java:502)
at java.base/java.lang.reflect.Constructor.newInstance(Constructor.java:486)
at org.openqa.selenium.remote.ErrorCodec.decode(ErrorCodec.java:167)
at org.openqa.selenium.remote.codec.w3c.W3CHttpResponseCodec.decode(W3CHttpResponseCodec.java:138)
at org.openqa.selenium.remote.codec.w3c.W3CHttpResponseCodec.decode(W3CHttpResponseCodec.java:50)
at org.openqa.selenium.remote.HttpCommandExecutor.execute(HttpCommandExecutor.java:215)
at org.openqa.selenium.remote.service.DriverCommandExecutor.invokeExecute(DriverCommandExecutor.java:216)
at org.openqa.selenium.remote.service.DriverCommandExecutor.execute(DriverCommandExecutor.java:174)
at org.openqa.selenium.remote.RemoteWebDriver.execute(RemoteWebDriver.java:544)
at org.openqa.selenium.remote.ElementLocation$ElementFinder$2.findElement(ElementLocation.java:165)
at org.openqa.selenium.remote.ElementLocation.findElement(ElementLocation.java:59)
at org.openqa.selenium.remote.RemoteWebDriver.findElement(RemoteWebDriver.java:367)
at org.openqa.selenium.remote.RemoteWebDriver.findElement(RemoteWebDriver.java:361)
at org.openqa.selenium.support.pagefactory.DefaultElementLocator.findElement(DefaultElementLocator.java:68)
at org.openqa.selenium.support.pagefactory.internal.LocatingElementHandler.invoke(LocatingElementHandler.java:38)
at jdk.proxy2/jdk.proxy2.$Proxy24.click(Unknown Source)
at org.base.BaseClass.click(BaseClass.java:60)
at org.stepdefinitions.OpenAccountSteps.the_user_is_on_the_accounts_overview_page(OpenAccountSteps.java:21)
at ✽.The user is on the Accounts Overview page(file:///Users/prakashrajendran/git/repository-parabank_script/ParaBank/src/test/resources/FeatureFiles/openAccountPage.feature:6)
]]>
    </error>
  </testcase> <!-- runScenario -->
</testsuite> <!-- org.testRunner.TestRunner -->
