<?xml version="1.0" encoding="UTF-8"?>
<!-- Generated by org.testng.reporters.JUnitReportReporter -->
<testsuite hostname="Prakashs-Laptop.local" failures="0" tests="12" name="org.testRunner.TestRunner" time="272.791" errors="0" timestamp="2025-08-02T07:27:44 IST" skipped="0">
  <testcase classname="org.testRunner.TestRunner" name="runScenario" time="23.552"/>
  <testcase classname="org.testRunner.TestRunner" name="runScenario" time="22.703"/>
  <testcase classname="org.testRunner.TestRunner" name="runScenario" time="22.315"/>
  <testcase classname="org.testRunner.TestRunner" name="runScenario" time="23.046"/>
  <testcase classname="org.testRunner.TestRunner" name="runScenario" time="23.958"/>
  <testcase classname="org.testRunner.TestRunner" name="runScenario" time="23.204"/>
  <testcase classname="org.testRunner.TestRunner" name="runScenario" time="18.955"/>
  <testcase classname="org.testRunner.TestRunner" name="runScenario" time="25.130"/>
  <testcase classname="org.testRunner.TestRunner" name="runScenario" time="23.543"/>
  <testcase classname="org.testRunner.TestRunner" name="runScenario" time="24.011"/>
  <testcase classname="org.testRunner.TestRunner" name="runScenario" time="23.228"/>
  <testcase classname="org.testRunner.TestRunner" name="runScenario" time="19.146"/>
</testsuite> <!-- org.testRunner.TestRunner -->
