<?xml version="1.0" encoding="UTF-8"?>
<!-- Generated by org.testng.reporters.JUnitReportReporter -->
<testsuite hostname="Prakashs-Laptop.local" failures="2" tests="3" name="org.testRunner.TestRunner" time="58.858" errors="0" timestamp="2025-08-04T07:07:25 IST" skipped="0">
  <testcase classname="org.testRunner.TestRunner" name="runScenario" time="21.763">
    <failure message="Error message mismatch expected [true] but found [false]" type="java.lang.AssertionError">
      <![CDATA[java.lang.AssertionError: Error message mismatch expected [true] but found [false]
at org.testng.Assert.fail(Assert.java:111)
at org.testng.Assert.failNotEquals(Assert.java:1590)
at org.testng.Assert.assertTrue(Assert.java:57)
at org.stepdefinitions.FundTransferSteps.the_system_should_display_an_error_message__for_negative_amount_indicatfing(FundTransferSteps.java:110)
at ✽.The system should display an error message for negative amount indicating "The amount cannot be negative"(file:///Users/prakashrajendran/git/repository-parabank_script/ParaBank/src/test/resources/FeatureFiles/fundTransferPage.feature:33)
]]>
    </failure>
  </testcase> <!-- runScenario -->
  <testcase classname="org.testRunner.TestRunner" name="runScenario" time="18.438">
    <failure message="Error message mismatch expected [true] but found [false]" type="java.lang.AssertionError">
      <![CDATA[java.lang.AssertionError: Error message mismatch expected [true] but found [false]
at org.testng.Assert.fail(Assert.java:111)
at org.testng.Assert.failNotEquals(Assert.java:1590)
at org.testng.Assert.assertTrue(Assert.java:57)
at org.stepdefinitions.FundTransferSteps.the_system_should_display_an_error_message_indicating(FundTransferSteps.java:103)
at ✽.The system should display an error message indicating "From and To account numbers should not be the same"(file:///Users/prakashrajendran/git/repository-parabank_script/ParaBank/src/test/resources/FeatureFiles/fundTransferPage.feature:24)
]]>
    </failure>
  </testcase> <!-- runScenario -->
  <testcase classname="org.testRunner.TestRunner" name="runScenario" time="18.657"/>
</testsuite> <!-- org.testRunner.TestRunner -->
